<?xml version="1.0" encoding="UTF-8"?>
<!-- Generated by org.testng.reporters.JUnitReportReporter -->
<testsuite hostname="CLAP3934" failures="0" tests="1" name="automation.placeOrderTest" time="6.232" errors="0" timestamp="2024-07-23T20:24:30 IST" skipped="0">
  <testcase classname="automation.placeOrderTest" name="catchErrorMessage" time="6.232"/>
  <system-out/>
</testsuite> <!-- automation.placeOrderTest -->
