<?xml version="1.0" encoding="UTF-8"?>
<!-- Generated by org.testng.reporters.JUnitReportReporter -->
<testsuite hostname="CLAP3934" failures="0" tests="1" name="automation.Tests.errorValidation" time="9.795" errors="0" timestamp="2024-07-26T16:48:40 IST" skipped="0">
  <testcase classname="automation.Tests.errorValidation" name="catchErrorMessage" time="9.795"/>
  <system-out/>
</testsuite> <!-- automation.Tests.errorValidation -->
