<?xml version="1.0" encoding="UTF-8"?>
<!-- Generated by org.testng.reporters.JUnitReportReporter -->
<testsuite hostname="CLAP3934" failures="0" tests="1" name="com.rsa.practice.JavaStreams" time="0.014" errors="0" timestamp="2024-08-02T00:12:23 IST" skipped="0">
  <testcase classname="com.rsa.practice.JavaStreams" name="numbers" time="0.014"/>
</testsuite> <!-- com.rsa.practice.JavaStreams -->
