<?xml version="1.0" encoding="UTF-8"?>
<!-- Generated by org.testng.reporters.JUnitReportReporter -->
<testsuite hostname="CLAP3934" failures="0" tests="3" name="FIles.DynamicJson" time="2.909" errors="0" timestamp="2024-02-07T17:26:02 IST" skipped="0">
  <testcase classname="FIles.DynamicJson" name="addBook" time="0.117"/>
  <testcase classname="FIles.DynamicJson" name="addBook" time="2.649"/>
  <testcase classname="FIles.DynamicJson" name="addBook" time="0.143"/>
</testsuite> <!-- FIles.DynamicJson -->
