<?xml version="1.0" encoding="UTF-8"?>
<!-- Generated by org.testng.reporters.JUnitReportReporter -->
<testsuite hostname="CLAP3934" failures="0" tests="1" name="new_Demo.CartTotal" time="1.163" errors="0" timestamp="2024-02-05T17:09:09 IST" skipped="0">
  <testcase classname="new_Demo.CartTotal" name="SumValidation" time="1.163"/>
</testsuite> <!-- new_Demo.CartTotal -->
